[07:59:36] [main/INFO] (FabricLoader/GameProvider) Loading Minecraft 1.20.1 with Fabric Loader 0.14.22
[07:59:36] [main/INFO] (FabricLoader) Loading 46 mods:
	- fabric-api 0.83.1+1.20.1
	- fabric-api-base 0.4.29+b04edc7a77
	- fabric-api-lookup-api-v1 1.6.34+4d8536c977
	- fabric-biome-api-v1 13.0.10+b3afc78b77
	- fabric-block-api-v1 1.0.9+e022e5d177
	- fabric-blockrenderlayer-v1 1.1.39+b3afc78b77
	- fabric-client-tags-api-v1 1.0.20+b3afc78b77
	- fabric-command-api-v2 2.2.11+b3afc78b77
	- fabric-content-registries-v0 4.0.7+b3afc78b77
	- fabric-convention-tags-v1 1.5.3+b3afc78b77
	- fabric-crash-report-info-v1 0.2.18+aeb40ebe77
	- fabric-data-generation-api-v1 12.1.11+b3afc78b77
	- fabric-dimensions-v1 2.1.51+b3afc78b77
	- fabric-entity-events-v1 1.5.21+b3afc78b77
	- fabric-events-interaction-v0 0.6.0+b3afc78b77
	- fabric-game-rule-api-v1 1.0.38+b04edc7a77
	- fabric-gametest-api-v1 1.2.10+b3afc78b77
	- fabric-item-api-v1 2.1.26+b3afc78b77
	- fabric-item-group-api-v1 4.0.7+b3afc78b77
	- fabric-key-binding-api-v1 1.0.36+fb8d95da77
	- fabric-lifecycle-events-v1 2.2.20+b3afc78b77
	- fabric-loot-api-v2 1.1.37+b3afc78b77
	- fabric-message-api-v1 5.1.6+b3afc78b77
	- fabric-mining-level-api-v1 2.1.47+b3afc78b77
	- fabric-models-v0 0.3.35+b3afc78b77
	- fabric-networking-api-v1 1.3.8+b3afc78b77
	- fabric-object-builder-api-v1 11.0.6+b3afc78b77
	- fabric-particles-v1 1.0.28+b3afc78b77
	- fabric-recipe-api-v1 1.0.18+b3afc78b77
	- fabric-registry-sync-v0 2.2.6+b3afc78b77
	- fabric-renderer-api-v1 3.0.1+b3afc78b77
	- fabric-renderer-indigo 1.3.1+b3afc78b77
	- fabric-rendering-data-attachment-v1 0.3.33+b3afc78b77
	- fabric-rendering-fluids-v1 3.0.26+b3afc78b77
	- fabric-rendering-v1 3.0.6+b3afc78b77
	- fabric-resource-conditions-api-v1 2.3.5+ea08f9d877
	- fabric-resource-loader-v0 0.11.7+f7923f6d77
	- fabric-screen-api-v1 2.0.6+b3afc78b77
	- fabric-screen-handler-api-v1 1.3.27+b3afc78b77
	- fabric-sound-api-v1 1.0.12+b3afc78b77
	- fabric-transfer-api-v1 3.2.2+b3afc78b77
	- fabric-transitive-access-wideners-v1 4.2.0+b3afc78b77
	- fabricloader 0.14.22
	- java 17
	- medamcraft 1.0.0
	- minecraft 1.20.1
[07:59:37] [main/INFO] (FabricLoader/Mixin) SpongePowered MIXIN Subsystem Version=0.8.5 Source=file:/C:/Users/Usuario/.gradle/caches/modules-2/files-2.1/net.fabricmc/sponge-mixin/0.12.5+mixin.0.8.5/8d31fb97c3e0cd7c8dad3441851c523bcfae6d8e/sponge-mixin-0.12.5+mixin.0.8.5.jar Service=Knot/Fabric Env=CLIENT
[07:59:37] [main/INFO] (FabricLoader/Mixin) Loaded Fabric development mappings for mixin remapper!
[07:59:37] [main/INFO] (FabricLoader/Mixin) Compatibility level set to JAVA_16
[07:59:37] [main/INFO] (FabricLoader/Mixin) Compatibility level set to JAVA_17
[07:59:46] [Datafixer Bootstrap/INFO] (Minecraft) 188 Datafixer optimizations took 241 milliseconds
[07:59:49] [Render thread/INFO] (Minecraft) Environment: authHost='https://authserver.mojang.com', accountsHost='https://api.mojang.com', sessionHost='https://sessionserver.mojang.com', servicesHost='https://api.minecraftservices.com', name='PROD'
[07:59:50] [Render thread/ERROR] (Minecraft) Failed to verify authentication
com.mojang.authlib.exceptions.InvalidCredentialsException: Status: 401
	at com.mojang.authlib.exceptions.MinecraftClientHttpException.toAuthenticationException(MinecraftClientHttpException.java:56) ~[authlib-4.0.43.jar:?]
	at com.mojang.authlib.yggdrasil.YggdrasilUserApiService.fetchProperties(YggdrasilUserApiService.java:156) ~[authlib-4.0.43.jar:?]
	at com.mojang.authlib.yggdrasil.YggdrasilUserApiService.<init>(YggdrasilUserApiService.java:55) ~[authlib-4.0.43.jar:?]
	at com.mojang.authlib.yggdrasil.YggdrasilAuthenticationService.createUserApiService(YggdrasilAuthenticationService.java:124) ~[authlib-4.0.43.jar:?]
	at net.minecraft.client.MinecraftClient.createUserApiService(MinecraftClient.java:733) ~[minecraft-clientOnly-c519cbe6f4-1.20.1-net.fabricmc.yarn.1_20_1.1.20.1+build.1-v2.jar:?]
	at net.minecraft.client.MinecraftClient.<init>(MinecraftClient.java:442) ~[minecraft-clientOnly-c519cbe6f4-1.20.1-net.fabricmc.yarn.1_20_1.1.20.1+build.1-v2.jar:?]
	at net.minecraft.client.main.Main.main(Main.java:211) ~[minecraft-clientOnly-c519cbe6f4-1.20.1-net.fabricmc.yarn.1_20_1.1.20.1+build.1-v2.jar:?]
	at net.fabricmc.loader.impl.game.minecraft.MinecraftGameProvider.launch(MinecraftGameProvider.java:468) ~[fabric-loader-0.14.22.jar:?]
	at net.fabricmc.loader.impl.launch.knot.Knot.launch(Knot.java:74) ~[fabric-loader-0.14.22.jar:?]
	at net.fabricmc.loader.impl.launch.knot.KnotClient.main(KnotClient.java:23) ~[fabric-loader-0.14.22.jar:?]
	at net.fabricmc.devlaunchinjector.Main.main(Main.java:86) ~[dev-launch-injector-0.2.1+build.8.jar:?]
Caused by: com.mojang.authlib.exceptions.MinecraftClientHttpException: Status: 401
	at com.mojang.authlib.minecraft.client.MinecraftClient.readInputStream(MinecraftClient.java:85) ~[authlib-4.0.43.jar:?]
	at com.mojang.authlib.minecraft.client.MinecraftClient.get(MinecraftClient.java:48) ~[authlib-4.0.43.jar:?]
	at com.mojang.authlib.yggdrasil.YggdrasilUserApiService.fetchProperties(YggdrasilUserApiService.java:129) ~[authlib-4.0.43.jar:?]
	... 9 more
[07:59:50] [Render thread/INFO] (Minecraft) Setting user: Player495
[07:59:50] [Render thread/INFO] (medamcraft) Inicializando MedamCraft...
[07:59:50] [Render thread/INFO] (Indigo) [Indigo] Registering Indigo renderer!
[07:59:50] [Render thread/INFO] (Minecraft) Backend library: LWJGL version 3.3.1 SNAPSHOT
[07:59:52] [Render thread/INFO] (Minecraft) Reloading ResourceManager: vanilla, fabric (fabric-resource-loader-v0, fabric-rendering-v1, fabric-api-base, fabric-recipe-api-v1, fabric-convention-tags-v1, fabric-rendering-data-attachment-v1, fabric-item-group-api-v1, fabric-client-tags-api-v1, fabric-api, fabric-screen-handler-api-v1, fabric-renderer-indigo, fabric-block-api-v1, fabric-api-lookup-api-v1, fabric-game-rule-api-v1, fabric-sound-api-v1, fabric-item-api-v1, fabric-particles-v1, fabric-rendering-fluids-v1, fabric-renderer-api-v1, fabric-models-v0, fabric-dimensions-v1, fabric-command-api-v2, fabric-loot-api-v2, fabric-transfer-api-v1, fabric-biome-api-v1, fabric-object-builder-api-v1, fabric-mining-level-api-v1, fabric-entity-events-v1, fabric-data-generation-api-v1, fabric-blockrenderlayer-v1, fabric-lifecycle-events-v1, fabric-message-api-v1, medamcraft, fabricloader, fabric-transitive-access-wideners-v1, fabric-key-binding-api-v1, fabric-gametest-api-v1, fabric-events-interaction-v0, fabric-content-registries-v0, fabric-resource-conditions-api-v1, fabric-screen-api-v1, fabric-crash-report-info-v1, fabric-registry-sync-v0, fabric-networking-api-v1)
[07:59:52] [Worker-Main-7/INFO] (Minecraft) Found unifont_all_no_pua-15.0.06.hex, loading
[07:59:53] [Realms Notification Availability checker #1/INFO] (Minecraft) Could not authorize you against Realms server: Invalid session id
[07:59:54] [Render thread/WARN] (Minecraft) Missing sound for event: minecraft:item.goat_horn.play
[07:59:54] [Render thread/WARN] (Minecraft) Missing sound for event: minecraft:entity.goat.screaming.horn_break
[07:59:54] [Render thread/INFO] (Minecraft) OpenAL initialized on device OpenAL Soft on Alto-falantes (Realtek High Definition Audio)
[07:59:54] [Render thread/INFO] (Minecraft) Sound engine started
[07:59:54] [Render thread/INFO] (Minecraft) Created: 1024x512x4 minecraft:textures/atlas/blocks.png-atlas
[07:59:54] [Render thread/INFO] (Minecraft) Created: 256x256x4 minecraft:textures/atlas/signs.png-atlas
[07:59:54] [Render thread/INFO] (Minecraft) Created: 512x512x4 minecraft:textures/atlas/shield_patterns.png-atlas
[07:59:54] [Render thread/INFO] (Minecraft) Created: 512x512x4 minecraft:textures/atlas/banner_patterns.png-atlas
[07:59:54] [Render thread/INFO] (Minecraft) Created: 1024x1024x4 minecraft:textures/atlas/armor_trims.png-atlas
[07:59:54] [Render thread/INFO] (Minecraft) Created: 128x64x4 minecraft:textures/atlas/decorated_pot.png-atlas
[07:59:54] [Render thread/INFO] (Minecraft) Created: 256x256x4 minecraft:textures/atlas/chest.png-atlas
[07:59:54] [Render thread/INFO] (Minecraft) Created: 512x256x4 minecraft:textures/atlas/beds.png-atlas
[07:59:54] [Render thread/INFO] (Minecraft) Created: 512x256x4 minecraft:textures/atlas/shulker_boxes.png-atlas
[07:59:54] [Render thread/WARN] (Minecraft) Shader rendertype_entity_translucent_emissive could not find sampler named Sampler2 in the specified shader program.
[07:59:54] [Render thread/INFO] (Minecraft) Created: 256x256x0 minecraft:textures/atlas/particles.png-atlas
[07:59:54] [Render thread/INFO] (Minecraft) Created: 256x256x0 minecraft:textures/atlas/paintings.png-atlas
[07:59:54] [Render thread/INFO] (Minecraft) Created: 128x128x0 minecraft:textures/atlas/mob_effects.png-atlas
[07:59:59] [Render thread/INFO] (Minecraft) Loaded 7 recipes
[07:59:59] [Render thread/INFO] (Minecraft) Loaded 1271 advancements
[08:00:00] [Render thread/INFO] (BiomeModificationImpl) Applied 0 biome modifications to 0 of 64 new biomes in 1.732 ms
[08:00:00] [Server thread/INFO] (Minecraft) Starting integrated minecraft server version 1.20.1
[08:00:00] [Server thread/INFO] (Minecraft) Generating keypair
[08:00:00] [Server thread/INFO] (Civilization) Sistema de vilas inicializado para civilização: Civilização Teste
[08:00:02] [Server thread/INFO] (Minecraft) Preparing start region for dimension minecraft:overworld
[08:00:04] [Render thread/INFO] (Minecraft) Preparando área de nascimento: 0%
[08:00:04] [Render thread/INFO] (Minecraft) Preparando área de nascimento: 0%
[08:00:04] [Render thread/INFO] (Minecraft) Preparando área de nascimento: 0%
[08:00:04] [Render thread/INFO] (Minecraft) Preparando área de nascimento: 0%
[08:00:04] [Render thread/INFO] (Minecraft) Preparando área de nascimento: 0%
[08:00:04] [Render thread/INFO] (Minecraft) Preparando área de nascimento: 0%
[08:00:05] [Render thread/INFO] (Minecraft) Preparando área de nascimento: 20%
[08:00:05] [Render thread/INFO] (Minecraft) Time elapsed: 3238 ms
[08:00:05] [Server thread/INFO] (Minecraft) Changing view distance to 9, from 10
[08:00:05] [Server thread/INFO] (Minecraft) Changing simulation distance to 9, from 0
[08:00:06] [Server thread/INFO] (Minecraft) Player495[local:E:8167de01] logged in with entity id 149 at (2312.677898663048, 72.0, -1508.4668106117426)
[08:00:06] [Server thread/INFO] (Minecraft) Player495 entrou no jogo
[08:00:06] [Server thread/INFO] (Minecraft) Player495 alcançou o progresso [Quem com ferro fere...]
[08:00:07] [Render thread/INFO] (Minecraft) [System] [CHAT] Player495 alcançou o progresso [Quem com ferro fere...]
[08:00:07] [Render thread/INFO] (Minecraft) Loaded 25 advancements
[08:00:28] [Render thread/INFO] (Minecraft) [System] [CHAT] Nenhuma vila encontrada nas proximidades
[08:00:44] [Server thread/INFO] (Minecraft) Player495 alcançou o progresso [Bons sonhos]
[08:00:44] [Render thread/INFO] (Minecraft) [System] [CHAT] O ponto de renascimento foi definido
[08:00:44] [Render thread/INFO] (Minecraft) [System] [CHAT] Player495 alcançou o progresso [Bons sonhos]
[08:00:44] [Render thread/INFO] (Minecraft) Loaded 30 advancements
[08:01:00] [Render thread/INFO] (Minecraft) [System] [CHAT] Nenhuma vila encontrada nas proximidades
[08:01:17] [Server thread/INFO] (Minecraft) Saving and pausing game...
[08:01:17] [Server thread/INFO] (Minecraft) Saving chunks for level 'ServerLevel[New World]'/minecraft:overworld
[08:01:17] [Server thread/INFO] (Minecraft) Saving chunks for level 'ServerLevel[New World]'/minecraft:the_nether
[08:01:17] [Server thread/INFO] (Minecraft) Saving chunks for level 'ServerLevel[New World]'/minecraft:the_end
[08:01:17] [Server thread/INFO] (Minecraft) Player495 lost connection: Desconectado
[08:01:17] [Server thread/INFO] (Minecraft) Player495 saiu do jogo
[08:01:17] [Server thread/INFO] (Minecraft) Stopping singleplayer server as player logged out
[08:01:17] [Server thread/INFO] (Minecraft) Stopping server
[08:01:17] [Server thread/INFO] (Minecraft) Saving players
[08:01:17] [Server thread/INFO] (Minecraft) Saving worlds
[08:01:18] [Server thread/INFO] (Minecraft) Saving chunks for level 'ServerLevel[New World]'/minecraft:overworld
[08:01:18] [Server thread/INFO] (Minecraft) Saving chunks for level 'ServerLevel[New World]'/minecraft:the_nether
[08:01:18] [Server thread/INFO] (Minecraft) Saving chunks for level 'ServerLevel[New World]'/minecraft:the_end
[08:01:18] [Server thread/INFO] (Minecraft) ThreadedAnvilChunkStorage (New World): All chunks are saved
[08:01:18] [Server thread/INFO] (Minecraft) ThreadedAnvilChunkStorage (DIM-1): All chunks are saved
[08:01:18] [Server thread/INFO] (Minecraft) ThreadedAnvilChunkStorage (DIM1): All chunks are saved
[08:01:18] [Server thread/INFO] (Minecraft) ThreadedAnvilChunkStorage: All dimensions are saved
[08:01:20] [Render thread/INFO] (Minecraft) Stopping!
